;  LST file generated by mikroListExporter - v.2.0 
; Date/Time: 8/13/2019 5:00:04 PM
;----------------------------------------------

;Address Opcode 	ASM
0x0000	0x02002E  	LJMP 46
0x0003	0x020000  	LJMP 0
0x0006	0x00      	NOP
0x0007	0x00      	NOP
0x0008	0x00      	NOP
0x0009	0x00      	NOP
0x000A	0x00      	NOP
0x000B	0x020000  	LJMP 0
0x000E	0x00      	NOP
0x000F	0x00      	NOP
0x0010	0x00      	NOP
0x0011	0x00      	NOP
0x0012	0x00      	NOP
0x0013	0x020000  	LJMP 0
0x0016	0x00      	NOP
0x0017	0x00      	NOP
0x0018	0x00      	NOP
0x0019	0x00      	NOP
0x001A	0x00      	NOP
0x001B	0x020000  	LJMP 0
0x001E	0x00      	NOP
0x001F	0x00      	NOP
0x0020	0x00      	NOP
0x0021	0x00      	NOP
0x0022	0x00      	NOP
0x0023	0x020000  	LJMP 0
___CC2D:
;__Lib_System.c,13 :: 		
;__Lib_System.c,15 :: 		
_CC2D_Loop1:
;__Lib_System.c,16 :: 		
0x0026	0xE4      	CLR A
;__Lib_System.c,17 :: 		
0x0027	0x93      	MOVC A, @A+DPTR
;__Lib_System.c,18 :: 		
0x0028	0xF6      	MOV @R0, A
;__Lib_System.c,19 :: 		
0x0029	0x08      	INC R0
;__Lib_System.c,20 :: 		
0x002A	0xA3      	INC DPTR
;__Lib_System.c,21 :: 		
0x002B	0xD9F9    	DJNZ R1, _CC2D_Loop1
;__Lib_System.c,23 :: 		
0x002D	0x22      	RET
; end of ___CC2D
_main:
0x002E	0x758108  	MOV SP, #8
;UdemyProject8051.c,1 :: 		void main(){
;UdemyProject8051.c,2 :: 		P0 = 0x0F;
0x0031	0x75800F  	MOV P0, #15
;UdemyProject8051.c,3 :: 		while(1){
L_main0:
;UdemyProject8051.c,4 :: 		P0.B4 = P0.B0;
0x0034	0xA280    	MOV C, P0.B0
0x0036	0x9284    	MOV P0.B4, C
;UdemyProject8051.c,5 :: 		P0.B5 = P0.B1;
0x0038	0xA281    	MOV C, P0.B1
0x003A	0x9285    	MOV P0.B5, C
;UdemyProject8051.c,6 :: 		P0.B6 = P0.B2;
0x003C	0xA282    	MOV C, P0.B2
0x003E	0x9286    	MOV P0.B6, C
;UdemyProject8051.c,7 :: 		P0.B7 = P0.B3;
0x0040	0xA283    	MOV C, P0.B3
0x0042	0x9287    	MOV P0.B7, C
;UdemyProject8051.c,8 :: 		}
0x0044	0x80EE    	SJMP L_main0
;UdemyProject8051.c,9 :: 		}
0x0046	0x80FE    	SJMP #254
; end of _main
Symbol List:
//** Routines locations **
//ADDRESS    SIZE    PROCEDURE
//----------------------------------------------
0x0026       [8]    ___CC2D
0x002E      [26]    _main
//** Variables locations ** 
//ADDRESS    SIZE    VARIABLE
//----------------------------------------------
0x0000       [1]    R0
0x0001       [1]    R1
0x0002       [1]    R2
0x0003       [1]    R3
0x0004       [1]    R4
0x0005       [1]    R5
0x0006       [1]    R6
0x0007       [1]    R7
0x0080       [1]    P0
0x0081       [1]    SP
0x0082       [1]    DPL
0x0083       [1]    DPH
0x00D0       [1]    PSW
0x00E0       [1]    ACC
0x00F0       [1]    B
//** Label List: ** 
//----------------------------------------------
  L_main0
  L_main1
  _main
  _CC2D_Loop1
  _CC2PD_Loop1
  _CC2XD_Loop1
  ___DoIFC
  ___CC2D
  ___CC2PD
  ___CC2XD
